<?xml version="1.0" encoding="UTF-8" ?>
<testsuite failures="0" time="1.289" errors="0" skipped="0" tests="3" name="com.retriever.java.JiraIssueFileSaverTest">
  <properties>
[...]
</properties>
  <testcase time="1.223" classname="com.retriever.java.JiraIssueFileSaverTest" name="saveIssueDataInFileXMLTest"/>
  <testcase time="0" classname="com.retriever.java.JiraIssueFileSaverTest" name="calculateFileNameTest"/>
  <testcase time="0.013" classname="com.retriever.java.JiraIssueFileSaverTest" name="saveIssueDataInFileJSONTest"/>
</testsuite>